c:\users\victoria\desktop\csce315\csce-315-database-project\database\database\debug\database.pch
c:\users\victoria\desktop\csce315\csce-315-database-project\database\database\debug\vc140.pdb
c:\users\victoria\desktop\csce315\csce-315-database-project\database\database\debug\vc140.idb
c:\users\victoria\desktop\csce315\csce-315-database-project\database\database\debug\stdafx.obj
c:\users\victoria\desktop\csce315\csce-315-database-project\database\database\debug\database.obj
c:\users\victoria\desktop\csce315\csce-315-database-project\database\database\debug\query.obj
c:\users\victoria\desktop\csce315\csce-315-database-project\database\database\debug\record.obj
c:\users\victoria\desktop\csce315\csce-315-database-project\database\database\debug\table.obj
c:\users\victoria\desktop\csce315\csce-315-database-project\database\database\debug\dllmain.obj
c:\users\victoria\desktop\csce315\csce-315-database-project\database\database\debug\tbliterator.obj
c:\users\victoria\desktop\csce315\csce-315-database-project\database\debug\database.lib
c:\users\victoria\desktop\csce315\csce-315-database-project\database\debug\database.exp
c:\users\victoria\desktop\csce315\csce-315-database-project\database\debug\database.ilk
c:\users\victoria\desktop\csce315\csce-315-database-project\database\debug\database.dll
c:\users\victoria\desktop\csce315\csce-315-database-project\database\debug\database.pdb
c:\users\victoria\desktop\csce315\csce-315-database-project\database\database\debug\database.tlog\cl.command.1.tlog
c:\users\victoria\desktop\csce315\csce-315-database-project\database\database\debug\database.tlog\cl.read.1.tlog
c:\users\victoria\desktop\csce315\csce-315-database-project\database\database\debug\database.tlog\cl.write.1.tlog
c:\users\victoria\desktop\csce315\csce-315-database-project\database\database\debug\database.tlog\database.write.1u.tlog
c:\users\victoria\desktop\csce315\csce-315-database-project\database\database\debug\database.tlog\link.command.1.tlog
c:\users\victoria\desktop\csce315\csce-315-database-project\database\database\debug\database.tlog\link.read.1.tlog
c:\users\victoria\desktop\csce315\csce-315-database-project\database\database\debug\database.tlog\link.write.1.tlog
